2020-04-25 19:53:03.256[main][main] INFO  com.example.vhr.VhrEndApplication - Starting VhrEndApplication on LAPTOP-K0SG6Q7R with PID 18312 (D:\MySelf\Study\MainMajor\SpringBoot\vhr-end\target\classes started by 18262 in D:\MySelf\Study\MainMajor\SpringBoot\vhr-end)
2020-04-25 19:53:03.259[main][main] INFO  com.example.vhr.VhrEndApplication - No active profile set, falling back to default profiles: default
2020-04-25 19:53:04.315[main][main] DEBUG org.apache.ibatis.logging.LogFactory - Logging initialized using 'class org.apache.ibatis.logging.slf4j.Slf4jImpl' adapter.
2020-04-25 19:53:04.647[main][main] INFO  o.s.b.w.e.tomcat.TomcatWebServer - Tomcat initialized with port(s): 8080 (http)
2020-04-25 19:53:04.655[main][main] INFO  o.a.coyote.http11.Http11NioProtocol - Initializing ProtocolHandler ["http-nio-8080"]
2020-04-25 19:53:04.656[main][main] INFO  o.a.catalina.core.StandardService - Starting service [Tomcat]
2020-04-25 19:53:04.656[main][main] INFO  o.a.catalina.core.StandardEngine - Starting Servlet engine: [Apache Tomcat/9.0.33]
2020-04-25 19:53:04.657[main][main] INFO  o.a.c.core.AprLifecycleListener - Loaded APR based Apache Tomcat Native library [1.2.23] using APR version [1.7.0].
2020-04-25 19:53:04.657[main][main] INFO  o.a.c.core.AprLifecycleListener - APR capabilities: IPv6 [true], sendfile [true], accept filters [false], random [true].
2020-04-25 19:53:04.657[main][main] INFO  o.a.c.core.AprLifecycleListener - APR/OpenSSL configuration: useAprConnector [false], useOpenSSL [true]
2020-04-25 19:53:04.671[main][main] INFO  o.a.c.core.AprLifecycleListener - OpenSSL successfully initialized [OpenSSL 1.1.1c  28 May 2019]
2020-04-25 19:53:04.734[main][main] INFO  o.a.c.c.C.[Tomcat].[localhost].[/] - Initializing Spring embedded WebApplicationContext
2020-04-25 19:53:04.734[main][main] INFO  o.s.web.context.ContextLoader - Root WebApplicationContext: initialization completed in 1418 ms
2020-04-25 19:53:05.270[main][main] INFO  o.s.s.c.ThreadPoolTaskExecutor - Initializing ExecutorService 'applicationTaskExecutor'
2020-04-25 19:53:05.726[main][main] INFO  o.s.s.web.DefaultSecurityFilterChain - Creating filter chain: any request, [org.springframework.security.web.context.request.async.WebAsyncManagerIntegrationFilter@20801cbb, org.springframework.security.web.context.SecurityContextPersistenceFilter@3a7b2e2, org.springframework.security.web.header.HeaderWriterFilter@7c241a9f, org.springframework.security.web.authentication.logout.LogoutFilter@6002e944, org.springframework.security.web.authentication.UsernamePasswordAuthenticationFilter@19489b27, org.springframework.security.web.authentication.ui.DefaultLoginPageGeneratingFilter@384fda47, org.springframework.security.web.authentication.ui.DefaultLogoutPageGeneratingFilter@581b1c08, org.springframework.security.web.savedrequest.RequestCacheAwareFilter@2921a36a, org.springframework.security.web.servletapi.SecurityContextHolderAwareRequestFilter@28279a49, org.springframework.security.web.authentication.AnonymousAuthenticationFilter@1c240cf2, org.springframework.security.web.session.SessionManagementFilter@7d8cf9ac, org.springframework.security.web.access.ExceptionTranslationFilter@4342c13, org.springframework.security.web.access.intercept.FilterSecurityInterceptor@7126e26]
2020-04-25 19:53:05.797[main][main] INFO  o.a.coyote.http11.Http11NioProtocol - Starting ProtocolHandler ["http-nio-8080"]
2020-04-25 19:53:05.826[main][main] INFO  o.s.b.w.e.tomcat.TomcatWebServer - Tomcat started on port(s): 8080 (http) with context path ''
2020-04-25 19:53:05.831[main][main] INFO  com.example.vhr.VhrEndApplication - Started VhrEndApplication in 2.949 seconds (JVM running for 4.256)
2020-04-25 19:53:20.404[main][main] INFO  com.example.vhr.VhrEndApplication - Starting VhrEndApplication on LAPTOP-K0SG6Q7R with PID 1208 (D:\MySelf\Study\MainMajor\SpringBoot\vhr-end\target\classes started by 18262 in D:\MySelf\Study\MainMajor\SpringBoot\vhr-end)
2020-04-25 19:53:20.407[main][main] INFO  com.example.vhr.VhrEndApplication - No active profile set, falling back to default profiles: default
2020-04-25 19:53:20.977[main][main] DEBUG org.apache.ibatis.logging.LogFactory - Logging initialized using 'class org.apache.ibatis.logging.slf4j.Slf4jImpl' adapter.
2020-04-25 19:53:21.201[main][main] INFO  o.s.b.w.e.tomcat.TomcatWebServer - Tomcat initialized with port(s): 8080 (http)
2020-04-25 19:53:21.206[main][main] INFO  o.a.coyote.http11.Http11NioProtocol - Initializing ProtocolHandler ["http-nio-8080"]
2020-04-25 19:53:21.207[main][main] INFO  o.a.catalina.core.StandardService - Starting service [Tomcat]
2020-04-25 19:53:21.207[main][main] INFO  o.a.catalina.core.StandardEngine - Starting Servlet engine: [Apache Tomcat/9.0.33]
2020-04-25 19:53:21.207[main][main] INFO  o.a.c.core.AprLifecycleListener - Loaded APR based Apache Tomcat Native library [1.2.23] using APR version [1.7.0].
2020-04-25 19:53:21.208[main][main] INFO  o.a.c.core.AprLifecycleListener - APR capabilities: IPv6 [true], sendfile [true], accept filters [false], random [true].
2020-04-25 19:53:21.208[main][main] INFO  o.a.c.core.AprLifecycleListener - APR/OpenSSL configuration: useAprConnector [false], useOpenSSL [true]
2020-04-25 19:53:21.210[main][main] INFO  o.a.c.core.AprLifecycleListener - OpenSSL successfully initialized [OpenSSL 1.1.1c  28 May 2019]
2020-04-25 19:53:21.262[main][main] INFO  o.a.c.c.C.[Tomcat].[localhost].[/] - Initializing Spring embedded WebApplicationContext
2020-04-25 19:53:21.262[main][main] INFO  o.s.web.context.ContextLoader - Root WebApplicationContext: initialization completed in 811 ms
2020-04-25 19:53:21.592[main][main] INFO  o.s.s.c.ThreadPoolTaskExecutor - Initializing ExecutorService 'applicationTaskExecutor'
2020-04-25 19:53:21.744[main][main] INFO  o.s.s.web.DefaultSecurityFilterChain - Creating filter chain: any request, [org.springframework.security.web.context.request.async.WebAsyncManagerIntegrationFilter@64763e49, org.springframework.security.web.context.SecurityContextPersistenceFilter@5190010f, org.springframework.security.web.header.HeaderWriterFilter@2921a36a, org.springframework.security.web.authentication.logout.LogoutFilter@159424e2, org.springframework.security.web.authentication.UsernamePasswordAuthenticationFilter@64b018f3, org.springframework.security.web.authentication.ui.DefaultLoginPageGeneratingFilter@1f992a3a, org.springframework.security.web.authentication.ui.DefaultLogoutPageGeneratingFilter@23468512, org.springframework.security.web.savedrequest.RequestCacheAwareFilter@1bedc703, org.springframework.security.web.servletapi.SecurityContextHolderAwareRequestFilter@2da81754, org.springframework.security.web.authentication.AnonymousAuthenticationFilter@69cd7630, org.springframework.security.web.session.SessionManagementFilter@157d3a45, org.springframework.security.web.access.ExceptionTranslationFilter@3a7b2e2, org.springframework.security.web.access.intercept.FilterSecurityInterceptor@626d2016]
2020-04-25 19:53:21.775[main][main] INFO  o.a.coyote.http11.Http11NioProtocol - Starting ProtocolHandler ["http-nio-8080"]
2020-04-25 19:53:21.791[main][main] INFO  o.s.b.w.e.tomcat.TomcatWebServer - Tomcat started on port(s): 8080 (http) with context path ''
2020-04-25 19:53:21.794[main][main] INFO  com.example.vhr.VhrEndApplication - Started VhrEndApplication in 1.617 seconds (JVM running for 2.451)
2020-04-25 19:54:14.711[http-nio-8080-exec-1][http-nio-8080-exec-1] INFO  o.a.c.c.C.[Tomcat].[localhost].[/] - Initializing Spring DispatcherServlet 'dispatcherServlet'
2020-04-25 19:54:14.712[http-nio-8080-exec-1][http-nio-8080-exec-1] INFO  o.s.web.servlet.DispatcherServlet - Initializing Servlet 'dispatcherServlet'
2020-04-25 19:54:14.717[http-nio-8080-exec-1][http-nio-8080-exec-1] INFO  o.s.web.servlet.DispatcherServlet - Completed initialization in 5 ms
2020-04-25 19:54:14.907[http-nio-8080-exec-1][http-nio-8080-exec-1] WARN  o.a.c.util.SessionIdGeneratorBase - Creation of SecureRandom instance for session ID generation using [SHA1PRNG] took [167] milliseconds.
2020-04-25 19:54:23.548[http-nio-8080-exec-6][http-nio-8080-exec-6] INFO  com.zaxxer.hikari.HikariDataSource - HikariPool-1 - Starting...
2020-04-25 19:54:23.807[http-nio-8080-exec-6][http-nio-8080-exec-6] INFO  com.zaxxer.hikari.HikariDataSource - HikariPool-1 - Start completed.
2020-04-25 19:54:23.812[http-nio-8080-exec-6][http-nio-8080-exec-6] DEBUG c.e.v.m.HrMapper.loadUserByUsername - ==>  Preparing: select * from hr where username=? 
2020-04-25 19:54:23.833[http-nio-8080-exec-6][http-nio-8080-exec-6] DEBUG c.e.v.m.HrMapper.loadUserByUsername - ==> Parameters: admin(String)
2020-04-25 19:54:23.858[http-nio-8080-exec-6][http-nio-8080-exec-6] DEBUG c.e.v.m.HrMapper.loadUserByUsername - <==      Total: 1
2020-04-25 19:54:28.870[http-nio-8080-exec-7][http-nio-8080-exec-7] WARN  o.s.w.s.m.s.DefaultHandlerExceptionResolver - Resolved [org.springframework.http.converter.HttpMessageNotReadableException: Required request body is missing: public com.example.vhr.model.RespBean com.example.vhr.controller.system.basic.PositionController.getAllPosition(com.example.vhr.model.Position)]
2020-04-25 19:56:31.094[main][main] INFO  com.example.vhr.VhrEndApplication - Starting VhrEndApplication on LAPTOP-K0SG6Q7R with PID 26232 (D:\MySelf\Study\MainMajor\SpringBoot\vhr-end\target\classes started by 18262 in D:\MySelf\Study\MainMajor\SpringBoot\vhr-end)
2020-04-25 19:56:31.096[main][main] INFO  com.example.vhr.VhrEndApplication - No active profile set, falling back to default profiles: default
2020-04-25 19:56:31.704[main][main] DEBUG org.apache.ibatis.logging.LogFactory - Logging initialized using 'class org.apache.ibatis.logging.slf4j.Slf4jImpl' adapter.
2020-04-25 19:56:31.935[main][main] INFO  o.s.b.w.e.tomcat.TomcatWebServer - Tomcat initialized with port(s): 8080 (http)
2020-04-25 19:56:31.941[main][main] INFO  o.a.coyote.http11.Http11NioProtocol - Initializing ProtocolHandler ["http-nio-8080"]
2020-04-25 19:56:31.941[main][main] INFO  o.a.catalina.core.StandardService - Starting service [Tomcat]
2020-04-25 19:56:31.942[main][main] INFO  o.a.catalina.core.StandardEngine - Starting Servlet engine: [Apache Tomcat/9.0.33]
2020-04-25 19:56:31.942[main][main] INFO  o.a.c.core.AprLifecycleListener - Loaded APR based Apache Tomcat Native library [1.2.23] using APR version [1.7.0].
2020-04-25 19:56:31.943[main][main] INFO  o.a.c.core.AprLifecycleListener - APR capabilities: IPv6 [true], sendfile [true], accept filters [false], random [true].
2020-04-25 19:56:31.943[main][main] INFO  o.a.c.core.AprLifecycleListener - APR/OpenSSL configuration: useAprConnector [false], useOpenSSL [true]
2020-04-25 19:56:31.945[main][main] INFO  o.a.c.core.AprLifecycleListener - OpenSSL successfully initialized [OpenSSL 1.1.1c  28 May 2019]
2020-04-25 19:56:32.002[main][main] INFO  o.a.c.c.C.[Tomcat].[localhost].[/] - Initializing Spring embedded WebApplicationContext
2020-04-25 19:56:32.002[main][main] INFO  o.s.web.context.ContextLoader - Root WebApplicationContext: initialization completed in 851 ms
2020-04-25 19:56:32.331[main][main] INFO  o.s.s.c.ThreadPoolTaskExecutor - Initializing ExecutorService 'applicationTaskExecutor'
2020-04-25 19:56:32.490[main][main] INFO  o.s.s.web.DefaultSecurityFilterChain - Creating filter chain: any request, [org.springframework.security.web.context.request.async.WebAsyncManagerIntegrationFilter@151ab2b9, org.springframework.security.web.context.SecurityContextPersistenceFilter@5d318e91, org.springframework.security.web.header.HeaderWriterFilter@6fe595dc, org.springframework.security.web.authentication.logout.LogoutFilter@575cabf0, org.springframework.security.web.authentication.UsernamePasswordAuthenticationFilter@174721c4, org.springframework.security.web.authentication.ui.DefaultLoginPageGeneratingFilter@2921a36a, org.springframework.security.web.authentication.ui.DefaultLogoutPageGeneratingFilter@13ed066e, org.springframework.security.web.savedrequest.RequestCacheAwareFilter@740b6628, org.springframework.security.web.servletapi.SecurityContextHolderAwareRequestFilter@337a6d30, org.springframework.security.web.authentication.AnonymousAuthenticationFilter@4d705112, org.springframework.security.web.session.SessionManagementFilter@3a8cea24, org.springframework.security.web.access.ExceptionTranslationFilter@67e0ff3a, org.springframework.security.web.access.intercept.FilterSecurityInterceptor@3dc40ab9]
2020-04-25 19:56:32.519[main][main] INFO  o.a.coyote.http11.Http11NioProtocol - Starting ProtocolHandler ["http-nio-8080"]
2020-04-25 19:56:32.534[main][main] INFO  o.s.b.w.e.tomcat.TomcatWebServer - Tomcat started on port(s): 8080 (http) with context path ''
2020-04-25 19:56:32.538[main][main] INFO  com.example.vhr.VhrEndApplication - Started VhrEndApplication in 1.736 seconds (JVM running for 2.728)
2020-04-25 19:57:39.580[http-nio-8080-exec-1][http-nio-8080-exec-1] INFO  o.a.c.c.C.[Tomcat].[localhost].[/] - Initializing Spring DispatcherServlet 'dispatcherServlet'
2020-04-25 19:57:39.582[http-nio-8080-exec-1][http-nio-8080-exec-1] INFO  o.s.web.servlet.DispatcherServlet - Initializing Servlet 'dispatcherServlet'
2020-04-25 19:57:39.587[http-nio-8080-exec-1][http-nio-8080-exec-1] INFO  o.s.web.servlet.DispatcherServlet - Completed initialization in 5 ms
2020-04-25 19:57:39.776[http-nio-8080-exec-1][http-nio-8080-exec-1] WARN  o.a.c.util.SessionIdGeneratorBase - Creation of SecureRandom instance for session ID generation using [SHA1PRNG] took [166] milliseconds.
2020-04-25 19:57:45.039[http-nio-8080-exec-4][http-nio-8080-exec-4] INFO  com.zaxxer.hikari.HikariDataSource - HikariPool-1 - Starting...
2020-04-25 19:57:45.257[http-nio-8080-exec-4][http-nio-8080-exec-4] INFO  com.zaxxer.hikari.HikariDataSource - HikariPool-1 - Start completed.
2020-04-25 19:57:45.263[http-nio-8080-exec-4][http-nio-8080-exec-4] DEBUG c.e.v.m.HrMapper.loadUserByUsername - ==>  Preparing: select * from hr where username=? 
2020-04-25 19:57:45.279[http-nio-8080-exec-4][http-nio-8080-exec-4] DEBUG c.e.v.m.HrMapper.loadUserByUsername - ==> Parameters: admin(String)
2020-04-25 19:57:45.293[http-nio-8080-exec-4][http-nio-8080-exec-4] DEBUG c.e.v.m.HrMapper.loadUserByUsername - <==      Total: 1
2020-04-25 19:57:48.498[http-nio-8080-exec-3][http-nio-8080-exec-3] DEBUG c.e.v.m.MenuMapper.getMenusByHrId - ==>  Preparing: select distinct m1.*, m2.id as id2, m2.component as component2, m2.enabled as enabled2, m2.iconCls as iconCls2, m2.keepAlive as keepAlive2, m2.name as name2, m2.parentId as parentid2, m2.requireAuth as requireAuth2, m2.path as path2 from menu m1, menu m2, hr_role hrr, menu_role mr where m1.id=m2.parentId and hrr.hrid=? and hrr.rid=mr.rid and mr.mid=m2.id and m2.enabled=true order by m1.id, m2.id 
2020-04-25 19:57:48.499[http-nio-8080-exec-3][http-nio-8080-exec-3] DEBUG c.e.v.m.MenuMapper.getMenusByHrId - ==> Parameters: 3(Integer)
2020-04-25 19:57:48.517[http-nio-8080-exec-3][http-nio-8080-exec-3] DEBUG c.e.v.m.MenuMapper.getMenusByHrId - <==      Total: 21
2020-04-25 20:02:40.342[main][main] INFO  o.s.b.t.c.SpringBootTestContextBootstrapper - Neither @ContextConfiguration nor @ContextHierarchy found for test class [com.example.vhr.mapper.PositionMapperTest], using SpringBootContextLoader
2020-04-25 20:02:40.349[main][main] INFO  o.s.t.c.s.AbstractContextLoader - Could not detect default resource locations for test class [com.example.vhr.mapper.PositionMapperTest]: no resource found for suffixes {-context.xml, Context.groovy}.
2020-04-25 20:02:40.350[main][main] INFO  o.s.t.c.s.AnnotationConfigContextLoaderUtils - Could not detect default configuration classes for test class [com.example.vhr.mapper.PositionMapperTest]: PositionMapperTest does not declare any static, non-private, non-final, nested classes annotated with @Configuration.
2020-04-25 20:02:40.468[main][main] INFO  o.s.b.t.c.SpringBootTestContextBootstrapper - Found @SpringBootConfiguration com.example.vhr.VhrEndApplication for test class com.example.vhr.mapper.PositionMapperTest
2020-04-25 20:02:40.592[main][main] INFO  o.s.b.t.c.SpringBootTestContextBootstrapper - Loaded default TestExecutionListener class names from location [META-INF/spring.factories]: [org.springframework.boot.test.mock.mockito.MockitoTestExecutionListener, org.springframework.boot.test.mock.mockito.ResetMocksTestExecutionListener, org.springframework.boot.test.autoconfigure.restdocs.RestDocsTestExecutionListener, org.springframework.boot.test.autoconfigure.web.client.MockRestServiceServerResetTestExecutionListener, org.springframework.boot.test.autoconfigure.web.servlet.MockMvcPrintOnlyOnFailureTestExecutionListener, org.springframework.boot.test.autoconfigure.web.servlet.WebDriverTestExecutionListener, org.springframework.test.context.web.ServletTestExecutionListener, org.springframework.test.context.support.DirtiesContextBeforeModesTestExecutionListener, org.springframework.test.context.support.DependencyInjectionTestExecutionListener, org.springframework.test.context.support.DirtiesContextTestExecutionListener, org.springframework.test.context.transaction.TransactionalTestExecutionListener, org.springframework.test.context.jdbc.SqlScriptsTestExecutionListener, org.springframework.test.context.event.EventPublishingTestExecutionListener, org.springframework.security.test.context.support.WithSecurityContextTestExecutionListener, org.springframework.security.test.context.support.ReactorContextTestExecutionListener]
2020-04-25 20:02:40.622[main][main] INFO  o.s.b.t.c.SpringBootTestContextBootstrapper - Using TestExecutionListeners: [org.springframework.test.context.web.ServletTestExecutionListener@55dfcc6, org.springframework.test.context.support.DirtiesContextBeforeModesTestExecutionListener@222eb8aa, org.springframework.boot.test.mock.mockito.MockitoTestExecutionListener@93cf163, org.springframework.boot.test.autoconfigure.SpringBootDependencyInjectionTestExecutionListener@1852a3ff, org.springframework.test.context.support.DirtiesContextTestExecutionListener@7203c7ff, org.springframework.test.context.transaction.TransactionalTestExecutionListener@25bfcafd, org.springframework.test.context.jdbc.SqlScriptsTestExecutionListener@4b6690c0, org.springframework.test.context.event.EventPublishingTestExecutionListener@46268f08, org.springframework.security.test.context.support.WithSecurityContextTestExecutionListener@2a76840c, org.springframework.security.test.context.support.ReactorContextTestExecutionListener@71454b9d, org.springframework.boot.test.mock.mockito.ResetMocksTestExecutionListener@eda25e5, org.springframework.boot.test.autoconfigure.restdocs.RestDocsTestExecutionListener@7cf6a5f9, org.springframework.boot.test.autoconfigure.web.client.MockRestServiceServerResetTestExecutionListener@623e088f, org.springframework.boot.test.autoconfigure.web.servlet.MockMvcPrintOnlyOnFailureTestExecutionListener@39fcbef6, org.springframework.boot.test.autoconfigure.web.servlet.WebDriverTestExecutionListener@66565121]
2020-04-25 20:02:40.987[main][main] INFO  c.e.vhr.mapper.PositionMapperTest - Starting PositionMapperTest on LAPTOP-K0SG6Q7R with PID 6504 (started by 18262 in D:\MySelf\Study\MainMajor\SpringBoot\vhr-end)
2020-04-25 20:02:40.987[main][main] DEBUG c.e.vhr.mapper.PositionMapperTest - Running with Spring Boot v2.2.6.RELEASE, Spring v5.2.5.RELEASE
2020-04-25 20:02:40.988[main][main] INFO  c.e.vhr.mapper.PositionMapperTest - No active profile set, falling back to default profiles: default
2020-04-25 20:02:41.685[main][main] DEBUG org.apache.ibatis.logging.LogFactory - Logging initialized using 'class org.apache.ibatis.logging.slf4j.Slf4jImpl' adapter.
2020-04-25 20:02:42.655[main][main] INFO  o.s.s.c.ThreadPoolTaskExecutor - Initializing ExecutorService 'applicationTaskExecutor'
2020-04-25 20:02:43.345[main][main] INFO  o.s.s.web.DefaultSecurityFilterChain - Creating filter chain: any request, [org.springframework.security.web.context.request.async.WebAsyncManagerIntegrationFilter@706f6d26, org.springframework.security.web.context.SecurityContextPersistenceFilter@39e53bef, org.springframework.security.web.header.HeaderWriterFilter@35145874, org.springframework.security.web.authentication.logout.LogoutFilter@7558c24b, org.springframework.security.web.authentication.UsernamePasswordAuthenticationFilter@797fcf9, org.springframework.security.web.authentication.ui.DefaultLoginPageGeneratingFilter@580902cd, org.springframework.security.web.authentication.ui.DefaultLogoutPageGeneratingFilter@3af2f846, org.springframework.security.web.savedrequest.RequestCacheAwareFilter@4b03cbad, org.springframework.security.web.servletapi.SecurityContextHolderAwareRequestFilter@273fa9e, org.springframework.security.web.authentication.AnonymousAuthenticationFilter@6af65f29, org.springframework.security.web.session.SessionManagementFilter@18e4674d, org.springframework.security.web.access.ExceptionTranslationFilter@29962b2f, org.springframework.security.web.access.intercept.FilterSecurityInterceptor@bb3ecfe]
2020-04-25 20:02:43.453[main][main] INFO  c.e.vhr.mapper.PositionMapperTest - Started PositionMapperTest in 2.783 seconds (JVM running for 3.918)
2020-04-25 20:02:43.810[main][main] INFO  com.zaxxer.hikari.HikariDataSource - HikariPool-1 - Starting...
2020-04-25 20:02:44.178[main][main] INFO  com.zaxxer.hikari.HikariDataSource - HikariPool-1 - Start completed.
2020-04-25 20:02:44.187[main][main] DEBUG c.e.v.m.P.selectAllPosition - ==>  Preparing: select * from position 
2020-04-25 20:02:44.216[main][main] DEBUG c.e.v.m.P.selectAllPosition - ==> Parameters: 
2020-04-25 20:02:44.249[main][main] DEBUG c.e.v.m.P.selectAllPosition - <==      Total: 6
2020-04-25 20:02:44.264[main][main] INFO  c.e.vhr.mapper.PositionMapperTest - [Position(id=29, name=技术总监, createDate=Fri Jan 12 05:13:42 CST 2018, enabled=true), Position(id=30, name=运营总监, createDate=Fri Jan 12 05:13:48 CST 2018, enabled=true), Position(id=31, name=市场总监, createDate=Thu Jan 11 08:00:00 CST 2018, enabled=true), Position(id=33, name=研发工程师, createDate=Sun Jan 14 08:00:00 CST 2018, enabled=false), Position(id=34, name=运维工程师, createDate=Mon Jan 15 00:11:41 CST 2018, enabled=true), Position(id=36, name=Java研发经理, createDate=Tue Oct 01 08:00:00 CST 2019, enabled=true)]
2020-04-25 20:02:44.282[SpringContextShutdownHook][SpringContextShutdownHook] INFO  o.s.s.c.ThreadPoolTaskExecutor - Shutting down ExecutorService 'applicationTaskExecutor'
2020-04-25 20:02:44.285[SpringContextShutdownHook][SpringContextShutdownHook] INFO  com.zaxxer.hikari.HikariDataSource - HikariPool-1 - Shutdown initiated...
2020-04-25 20:02:44.304[SpringContextShutdownHook][SpringContextShutdownHook] INFO  com.zaxxer.hikari.HikariDataSource - HikariPool-1 - Shutdown completed.
