2020-05-23 22:49:11.334[main][main] INFO  com.example.vhr.VhrEndApplication - Starting VhrEndApplication on LAPTOP-K0SG6Q7R with PID 5044 (D:\MySelf\Study\MainMajor\SpringBoot\vhr-end\target\classes started by 18262 in D:\MySelf\Study\MainMajor\SpringBoot\vhr-end)
2020-05-23 22:49:11.337[main][main] INFO  com.example.vhr.VhrEndApplication - No active profile set, falling back to default profiles: default
2020-05-23 22:49:12.785[main][main] DEBUG org.apache.ibatis.logging.LogFactory - Logging initialized using 'class org.apache.ibatis.logging.slf4j.Slf4jImpl' adapter.
2020-05-23 22:49:13.160[main][main] INFO  o.s.b.w.e.tomcat.TomcatWebServer - Tomcat initialized with port(s): 8080 (http)
2020-05-23 22:49:13.168[main][main] INFO  o.a.coyote.http11.Http11NioProtocol - Initializing ProtocolHandler ["http-nio-8080"]
2020-05-23 22:49:13.169[main][main] INFO  o.a.catalina.core.StandardService - Starting service [Tomcat]
2020-05-23 22:49:13.169[main][main] INFO  o.a.catalina.core.StandardEngine - Starting Servlet engine: [Apache Tomcat/9.0.33]
2020-05-23 22:49:13.170[main][main] INFO  o.a.c.core.AprLifecycleListener - Loaded APR based Apache Tomcat Native library [1.2.23] using APR version [1.7.0].
2020-05-23 22:49:13.170[main][main] INFO  o.a.c.core.AprLifecycleListener - APR capabilities: IPv6 [true], sendfile [true], accept filters [false], random [true].
2020-05-23 22:49:13.170[main][main] INFO  o.a.c.core.AprLifecycleListener - APR/OpenSSL configuration: useAprConnector [false], useOpenSSL [true]
2020-05-23 22:49:13.186[main][main] INFO  o.a.c.core.AprLifecycleListener - OpenSSL successfully initialized [OpenSSL 1.1.1c  28 May 2019]
2020-05-23 22:49:13.260[main][main] INFO  o.a.c.c.C.[Tomcat].[localhost].[/] - Initializing Spring embedded WebApplicationContext
2020-05-23 22:49:13.260[main][main] INFO  o.s.web.context.ContextLoader - Root WebApplicationContext: initialization completed in 1862 ms
2020-05-23 22:49:14.006[main][main] INFO  s.d.s.w.PropertySourcedRequestMappingHandlerMapping - Mapped URL path [/v2/api-docs] onto method [springfox.documentation.swagger2.web.Swagger2Controller#getDocumentation(String, HttpServletRequest)]
2020-05-23 22:49:14.076[main][main] INFO  o.s.s.c.ThreadPoolTaskExecutor - Initializing ExecutorService 'applicationTaskExecutor'
2020-05-23 22:49:14.274[main][main] INFO  o.s.s.web.DefaultSecurityFilterChain - Creating filter chain: Ant [pattern='/swagger-ui.html'], []
2020-05-23 22:49:14.274[main][main] INFO  o.s.s.web.DefaultSecurityFilterChain - Creating filter chain: Ant [pattern='/v2/*'], []
2020-05-23 22:49:14.274[main][main] INFO  o.s.s.web.DefaultSecurityFilterChain - Creating filter chain: Ant [pattern='/swagger-resources/**'], []
2020-05-23 22:49:14.275[main][main] INFO  o.s.s.web.DefaultSecurityFilterChain - Creating filter chain: Ant [pattern='/webjars'], []
2020-05-23 22:49:14.275[main][main] INFO  o.s.s.web.DefaultSecurityFilterChain - Creating filter chain: Ant [pattern='/verifyCode'], []
2020-05-23 22:49:14.275[main][main] INFO  o.s.s.web.DefaultSecurityFilterChain - Creating filter chain: Ant [pattern='/login'], []
2020-05-23 22:49:14.296[main][main] INFO  o.s.s.web.DefaultSecurityFilterChain - Creating filter chain: any request, [org.springframework.security.web.context.request.async.WebAsyncManagerIntegrationFilter@4bdb04c8, org.springframework.security.web.context.SecurityContextPersistenceFilter@67fac095, org.springframework.security.web.header.HeaderWriterFilter@2f60cbf2, org.springframework.security.web.authentication.logout.LogoutFilter@1aac0a47, com.example.vhr.config.LoginFilter@1cd2143b, org.springframework.security.web.savedrequest.RequestCacheAwareFilter@5dae5a70, org.springframework.security.web.servletapi.SecurityContextHolderAwareRequestFilter@3316527e, org.springframework.security.web.authentication.AnonymousAuthenticationFilter@2e8b24a1, org.springframework.security.web.session.SessionManagementFilter@642c72cf, org.springframework.security.web.access.ExceptionTranslationFilter@74ce7fdf, org.springframework.security.web.access.intercept.FilterSecurityInterceptor@37d6dddc]
2020-05-23 22:49:14.329[main][main] INFO  s.d.s.w.p.DocumentationPluginsBootstrapper - Context refreshed
2020-05-23 22:49:14.342[main][main] INFO  s.d.s.w.p.DocumentationPluginsBootstrapper - Found 1 custom documentation plugin(s)
2020-05-23 22:49:14.372[main][main] INFO  s.d.s.w.s.ApiListingReferenceScanner - Scanning for api listing references
2020-05-23 22:49:14.473[main][main] WARN  s.d.s.w.r.p.ParameterDataTypeReader - Trying to infer dataType java.lang.Integer[]
2020-05-23 22:49:14.481[main][main] INFO  s.d.s.w.r.o.CachingOperationNameGenerator - Generating unique operation named: deleteJobLevelUsingDELETE_1
2020-05-23 22:49:14.509[main][main] WARN  s.d.s.w.r.p.ParameterDataTypeReader - Trying to infer dataType java.lang.Integer[]
2020-05-23 22:49:14.518[main][main] WARN  s.d.s.w.r.p.ParameterDataTypeReader - Trying to infer dataType java.lang.Integer[]
2020-05-23 22:49:14.522[main][main] INFO  s.d.s.w.r.o.CachingOperationNameGenerator - Generating unique operation named: deletePositionUsingDELETE_1
2020-05-23 22:49:14.567[main][main] INFO  o.a.coyote.http11.Http11NioProtocol - Starting ProtocolHandler ["http-nio-8080"]
2020-05-23 22:49:14.589[main][main] INFO  o.s.b.w.e.tomcat.TomcatWebServer - Tomcat started on port(s): 8080 (http) with context path ''
2020-05-23 22:49:14.593[main][main] INFO  com.example.vhr.VhrEndApplication - Started VhrEndApplication in 3.754 seconds (JVM running for 5.323)
2020-05-23 22:50:45.174[http-nio-8080-exec-1][http-nio-8080-exec-1] INFO  o.a.c.c.C.[Tomcat].[localhost].[/] - Initializing Spring DispatcherServlet 'dispatcherServlet'
2020-05-23 22:50:45.175[http-nio-8080-exec-1][http-nio-8080-exec-1] INFO  o.s.web.servlet.DispatcherServlet - Initializing Servlet 'dispatcherServlet'
2020-05-23 22:50:45.182[http-nio-8080-exec-1][http-nio-8080-exec-1] INFO  o.s.web.servlet.DispatcherServlet - Completed initialization in 7 ms
2020-05-23 22:50:45.410[http-nio-8080-exec-1][http-nio-8080-exec-1] WARN  o.a.c.util.SessionIdGeneratorBase - Creation of SecureRandom instance for session ID generation using [SHA1PRNG] took [199] milliseconds.
2020-05-23 22:51:20.214[http-nio-8080-exec-3][http-nio-8080-exec-3] INFO  com.zaxxer.hikari.HikariDataSource - HikariPool-1 - Starting...
2020-05-23 22:51:20.497[http-nio-8080-exec-3][http-nio-8080-exec-3] INFO  com.zaxxer.hikari.HikariDataSource - HikariPool-1 - Start completed.
2020-05-23 22:51:20.502[http-nio-8080-exec-3][http-nio-8080-exec-3] DEBUG c.e.v.m.HrMapper.loadUserByUsername - ==>  Preparing: select * from hr where username=? 
2020-05-23 22:51:20.519[http-nio-8080-exec-3][http-nio-8080-exec-3] DEBUG c.e.v.m.HrMapper.loadUserByUsername - ==> Parameters: admin(String)
2020-05-23 22:51:20.542[http-nio-8080-exec-3][http-nio-8080-exec-3] DEBUG c.e.v.m.HrMapper.loadUserByUsername - <==      Total: 1
2020-05-23 22:51:20.732[http-nio-8080-exec-4][http-nio-8080-exec-4] DEBUG c.e.v.m.MenuMapper.getMenusByHrId - ==>  Preparing: select distinct m1.*, m2.id as id2, m2.component as component2, m2.enabled as enabled2, m2.iconCls as iconCls2, m2.keepAlive as keepAlive2, m2.name as name2, m2.parentId as parentid2, m2.requireAuth as requireAuth2, m2.path as path2 from menu m1, menu m2, hr_role hrr, menu_role mr where m1.id=m2.parentId and hrr.hrid=? and hrr.rid=mr.rid and mr.mid=m2.id and m2.enabled=true order by m1.id, m2.id 
2020-05-23 22:51:20.733[http-nio-8080-exec-4][http-nio-8080-exec-4] DEBUG c.e.v.m.MenuMapper.getMenusByHrId - ==> Parameters: 3(Integer)
2020-05-23 22:51:20.771[http-nio-8080-exec-4][http-nio-8080-exec-4] DEBUG c.e.v.m.MenuMapper.getMenusByHrId - <==      Total: 21
2020-05-23 22:51:23.701[http-nio-8080-exec-6][http-nio-8080-exec-6] DEBUG c.e.v.m.J.selectAllJobLevel - ==>  Preparing: select * from joblevel 
2020-05-23 22:51:23.701[http-nio-8080-exec-6][http-nio-8080-exec-6] DEBUG c.e.v.m.J.selectAllJobLevel - ==> Parameters: 
2020-05-23 22:51:23.725[http-nio-8080-exec-6][http-nio-8080-exec-6] DEBUG c.e.v.m.J.selectAllJobLevel - <==      Total: 10
2020-05-23 22:51:23.731[http-nio-8080-exec-5][http-nio-8080-exec-5] DEBUG c.e.v.m.P.selectAllPosition_COUNT - ==>  Preparing: SELECT count(0) FROM position 
2020-05-23 22:51:23.731[http-nio-8080-exec-5][http-nio-8080-exec-5] DEBUG c.e.v.m.P.selectAllPosition_COUNT - ==> Parameters: 
2020-05-23 22:51:23.741[http-nio-8080-exec-5][http-nio-8080-exec-5] DEBUG c.e.v.m.P.selectAllPosition_COUNT - <==      Total: 1
2020-05-23 22:51:23.742[http-nio-8080-exec-5][http-nio-8080-exec-5] DEBUG c.e.v.m.P.selectAllPosition - ==>  Preparing: select * from position LIMIT ? 
2020-05-23 22:51:23.743[http-nio-8080-exec-5][http-nio-8080-exec-5] DEBUG c.e.v.m.P.selectAllPosition - ==> Parameters: 5(Integer)
2020-05-23 22:51:23.746[http-nio-8080-exec-5][http-nio-8080-exec-5] DEBUG c.e.v.m.P.selectAllPosition - <==      Total: 5
2020-05-23 22:51:24.000[http-nio-8080-exec-7][http-nio-8080-exec-7] DEBUG c.e.v.mapper.RoleMapper.getAllRoles - ==>  Preparing: select * from role 
2020-05-23 22:51:24.000[http-nio-8080-exec-7][http-nio-8080-exec-7] DEBUG c.e.v.mapper.RoleMapper.getAllRoles - ==> Parameters: 
2020-05-23 22:51:24.009[http-nio-8080-exec-7][http-nio-8080-exec-7] DEBUG c.e.v.mapper.RoleMapper.getAllRoles - <==      Total: 13
2020-05-23 22:58:40.755[http-nio-8080-exec-8][http-nio-8080-exec-8] DEBUG c.e.v.m.P.selectAllPosition_COUNT - ==>  Preparing: SELECT count(0) FROM position 
2020-05-23 22:58:40.756[http-nio-8080-exec-8][http-nio-8080-exec-8] DEBUG c.e.v.m.P.selectAllPosition_COUNT - ==> Parameters: 
2020-05-23 22:58:40.759[http-nio-8080-exec-8][http-nio-8080-exec-8] DEBUG c.e.v.m.P.selectAllPosition_COUNT - <==      Total: 1
2020-05-23 22:58:40.761[http-nio-8080-exec-8][http-nio-8080-exec-8] DEBUG c.e.v.m.P.selectAllPosition - ==>  Preparing: select * from position LIMIT ?, ? 
2020-05-23 22:58:40.762[http-nio-8080-exec-8][http-nio-8080-exec-8] DEBUG c.e.v.m.P.selectAllPosition - ==> Parameters: 5(Integer), 5(Integer)
2020-05-23 22:58:40.767[http-nio-8080-exec-8][http-nio-8080-exec-8] DEBUG c.e.v.m.P.selectAllPosition - <==      Total: 1
2020-05-23 22:58:41.889[http-nio-8080-exec-9][http-nio-8080-exec-9] DEBUG c.e.v.m.P.selectAllPosition_COUNT - ==>  Preparing: SELECT count(0) FROM position 
2020-05-23 22:58:41.889[http-nio-8080-exec-9][http-nio-8080-exec-9] DEBUG c.e.v.m.P.selectAllPosition_COUNT - ==> Parameters: 
2020-05-23 22:58:41.890[http-nio-8080-exec-9][http-nio-8080-exec-9] DEBUG c.e.v.m.P.selectAllPosition_COUNT - <==      Total: 1
2020-05-23 22:58:41.890[http-nio-8080-exec-9][http-nio-8080-exec-9] DEBUG c.e.v.m.P.selectAllPosition - ==>  Preparing: select * from position LIMIT ? 
2020-05-23 22:58:41.890[http-nio-8080-exec-9][http-nio-8080-exec-9] DEBUG c.e.v.m.P.selectAllPosition - ==> Parameters: 5(Integer)
2020-05-23 22:58:41.891[http-nio-8080-exec-9][http-nio-8080-exec-9] DEBUG c.e.v.m.P.selectAllPosition - <==      Total: 5
2020-05-23 22:58:56.749[http-nio-8080-exec-10][http-nio-8080-exec-10] DEBUG c.e.v.mapper.RoleMapper.getAllMenus - ==>  Preparing: select m1.id as id1, m1.name as name1, m2.id as id2, m2.name as name2, m3.id as id3, m3.name as name3 from menu m1, menu m2, menu m3 where m1.id=m2.parentId and m2.id = m3.parentId and m3.enabled=true ORDER BY m1.id, m2.id, m3.id 
2020-05-23 22:58:56.749[http-nio-8080-exec-10][http-nio-8080-exec-10] DEBUG c.e.v.mapper.RoleMapper.getAllMenus - ==> Parameters: 
2020-05-23 22:58:56.752[http-nio-8080-exec-1][http-nio-8080-exec-1] DEBUG c.e.v.mapper.MenuMapper.getMidsByRid - ==>  Preparing: select mid from menu_role where rid=? 
2020-05-23 22:58:56.752[http-nio-8080-exec-1][http-nio-8080-exec-1] DEBUG c.e.v.mapper.MenuMapper.getMidsByRid - ==> Parameters: 1(Integer)
2020-05-23 22:58:56.753[http-nio-8080-exec-1][http-nio-8080-exec-1] DEBUG c.e.v.mapper.MenuMapper.getMidsByRid - <==      Total: 22
2020-05-23 22:58:56.753[http-nio-8080-exec-10][http-nio-8080-exec-10] DEBUG c.e.v.mapper.RoleMapper.getAllMenus - <==      Total: 22
2020-05-23 23:28:32.706[main][main] INFO  o.s.b.t.c.SpringBootTestContextBootstrapper - Neither @ContextConfiguration nor @ContextHierarchy found for test class [com.example.vhr.mapper.EmployeetrainMapperTest], using SpringBootContextLoader
2020-05-23 23:28:32.715[main][main] INFO  o.s.t.c.s.AbstractContextLoader - Could not detect default resource locations for test class [com.example.vhr.mapper.EmployeetrainMapperTest]: no resource found for suffixes {-context.xml, Context.groovy}.
2020-05-23 23:28:32.716[main][main] INFO  o.s.t.c.s.AnnotationConfigContextLoaderUtils - Could not detect default configuration classes for test class [com.example.vhr.mapper.EmployeetrainMapperTest]: EmployeetrainMapperTest does not declare any static, non-private, non-final, nested classes annotated with @Configuration.
2020-05-23 23:28:32.915[main][main] INFO  o.s.b.t.c.SpringBootTestContextBootstrapper - Found @SpringBootConfiguration com.example.vhr.VhrEndApplication for test class com.example.vhr.mapper.EmployeetrainMapperTest
2020-05-23 23:28:33.027[main][main] INFO  o.s.b.t.c.SpringBootTestContextBootstrapper - Loaded default TestExecutionListener class names from location [META-INF/spring.factories]: [org.springframework.boot.test.mock.mockito.MockitoTestExecutionListener, org.springframework.boot.test.mock.mockito.ResetMocksTestExecutionListener, org.springframework.boot.test.autoconfigure.restdocs.RestDocsTestExecutionListener, org.springframework.boot.test.autoconfigure.web.client.MockRestServiceServerResetTestExecutionListener, org.springframework.boot.test.autoconfigure.web.servlet.MockMvcPrintOnlyOnFailureTestExecutionListener, org.springframework.boot.test.autoconfigure.web.servlet.WebDriverTestExecutionListener, org.springframework.test.context.web.ServletTestExecutionListener, org.springframework.test.context.support.DirtiesContextBeforeModesTestExecutionListener, org.springframework.test.context.support.DependencyInjectionTestExecutionListener, org.springframework.test.context.support.DirtiesContextTestExecutionListener, org.springframework.test.context.transaction.TransactionalTestExecutionListener, org.springframework.test.context.jdbc.SqlScriptsTestExecutionListener, org.springframework.test.context.event.EventPublishingTestExecutionListener, org.springframework.security.test.context.support.WithSecurityContextTestExecutionListener, org.springframework.security.test.context.support.ReactorContextTestExecutionListener]
2020-05-23 23:28:33.048[main][main] INFO  o.s.b.t.c.SpringBootTestContextBootstrapper - Using TestExecutionListeners: [org.springframework.test.context.web.ServletTestExecutionListener@66fdec9, org.springframework.test.context.support.DirtiesContextBeforeModesTestExecutionListener@57abad67, org.springframework.boot.test.mock.mockito.MockitoTestExecutionListener@550a1967, org.springframework.boot.test.autoconfigure.SpringBootDependencyInjectionTestExecutionListener@2a640157, org.springframework.test.context.support.DirtiesContextTestExecutionListener@52851b44, org.springframework.test.context.transaction.TransactionalTestExecutionListener@584f54e6, org.springframework.test.context.jdbc.SqlScriptsTestExecutionListener@5d8bafa9, org.springframework.test.context.event.EventPublishingTestExecutionListener@576f63f6, org.springframework.security.test.context.support.WithSecurityContextTestExecutionListener@2dca0d64, org.springframework.security.test.context.support.ReactorContextTestExecutionListener@f80945f, org.springframework.boot.test.mock.mockito.ResetMocksTestExecutionListener@ff684e1, org.springframework.boot.test.autoconfigure.restdocs.RestDocsTestExecutionListener@23aa363a, org.springframework.boot.test.autoconfigure.web.client.MockRestServiceServerResetTestExecutionListener@5ef6ae06, org.springframework.boot.test.autoconfigure.web.servlet.MockMvcPrintOnlyOnFailureTestExecutionListener@55dfebeb, org.springframework.boot.test.autoconfigure.web.servlet.WebDriverTestExecutionListener@6e35bc3d]
2020-05-23 23:28:33.413[main][main] INFO  c.e.v.mapper.EmployeetrainMapperTest - Starting EmployeetrainMapperTest on LAPTOP-K0SG6Q7R with PID 9096 (started by 18262 in D:\MySelf\Study\MainMajor\SpringBoot\vhr-end)
2020-05-23 23:28:33.414[main][main] DEBUG c.e.v.mapper.EmployeetrainMapperTest - Running with Spring Boot v2.2.6.RELEASE, Spring v5.2.5.RELEASE
2020-05-23 23:28:33.414[main][main] INFO  c.e.v.mapper.EmployeetrainMapperTest - No active profile set, falling back to default profiles: default
2020-05-23 23:28:34.494[main][main] DEBUG org.apache.ibatis.logging.LogFactory - Logging initialized using 'class org.apache.ibatis.logging.slf4j.Slf4jImpl' adapter.
2020-05-23 23:28:35.866[main][main] INFO  s.d.s.w.PropertySourcedRequestMappingHandlerMapping - Mapped URL path [/v2/api-docs] onto method [springfox.documentation.swagger2.web.Swagger2Controller#getDocumentation(String, HttpServletRequest)]
2020-05-23 23:28:36.150[main][main] INFO  o.s.s.c.ThreadPoolTaskExecutor - Initializing ExecutorService 'applicationTaskExecutor'
2020-05-23 23:28:36.513[main][main] INFO  o.s.s.web.DefaultSecurityFilterChain - Creating filter chain: Ant [pattern='/swagger-ui.html'], []
2020-05-23 23:28:36.514[main][main] INFO  o.s.s.web.DefaultSecurityFilterChain - Creating filter chain: Ant [pattern='/v2/*'], []
2020-05-23 23:28:36.514[main][main] INFO  o.s.s.web.DefaultSecurityFilterChain - Creating filter chain: Ant [pattern='/swagger-resources/**'], []
2020-05-23 23:28:36.514[main][main] INFO  o.s.s.web.DefaultSecurityFilterChain - Creating filter chain: Ant [pattern='/webjars'], []
2020-05-23 23:28:36.514[main][main] INFO  o.s.s.web.DefaultSecurityFilterChain - Creating filter chain: Ant [pattern='/verifyCode'], []
2020-05-23 23:28:36.514[main][main] INFO  o.s.s.web.DefaultSecurityFilterChain - Creating filter chain: Ant [pattern='/login'], []
2020-05-23 23:28:36.881[main][main] INFO  o.s.s.web.DefaultSecurityFilterChain - Creating filter chain: any request, [org.springframework.security.web.context.request.async.WebAsyncManagerIntegrationFilter@5503c7d, org.springframework.security.web.context.SecurityContextPersistenceFilter@66a472b9, org.springframework.security.web.header.HeaderWriterFilter@4fbe486c, org.springframework.security.web.authentication.logout.LogoutFilter@4ec0229c, com.example.vhr.config.LoginFilter@5b5b53c6, org.springframework.security.web.savedrequest.RequestCacheAwareFilter@3fd5d679, org.springframework.security.web.servletapi.SecurityContextHolderAwareRequestFilter@48d5ca17, org.springframework.security.web.authentication.AnonymousAuthenticationFilter@2ec0ca83, org.springframework.security.web.session.SessionManagementFilter@28519bfb, org.springframework.security.web.access.ExceptionTranslationFilter@628b503a, org.springframework.security.web.access.intercept.FilterSecurityInterceptor@402f61f5]
2020-05-23 23:28:37.154[main][main] INFO  s.d.s.w.p.DocumentationPluginsBootstrapper - Context refreshed
2020-05-23 23:28:37.178[main][main] INFO  s.d.s.w.p.DocumentationPluginsBootstrapper - Found 1 custom documentation plugin(s)
2020-05-23 23:28:37.218[main][main] INFO  s.d.s.w.s.ApiListingReferenceScanner - Scanning for api listing references
2020-05-23 23:28:37.342[main][main] WARN  s.d.s.w.r.p.ParameterDataTypeReader - Trying to infer dataType java.lang.Integer[]
2020-05-23 23:28:37.354[main][main] INFO  s.d.s.w.r.o.CachingOperationNameGenerator - Generating unique operation named: deleteJobLevelUsingDELETE_1
2020-05-23 23:28:37.392[main][main] WARN  s.d.s.w.r.p.ParameterDataTypeReader - Trying to infer dataType java.lang.Integer[]
2020-05-23 23:28:37.408[main][main] WARN  s.d.s.w.r.p.ParameterDataTypeReader - Trying to infer dataType java.lang.Integer[]
2020-05-23 23:28:37.412[main][main] INFO  s.d.s.w.r.o.CachingOperationNameGenerator - Generating unique operation named: deletePositionUsingDELETE_1
2020-05-23 23:28:37.474[main][main] INFO  c.e.v.mapper.EmployeetrainMapperTest - Started EmployeetrainMapperTest in 4.378 seconds (JVM running for 6.086)
2020-05-23 23:28:37.836[main][main] INFO  com.zaxxer.hikari.HikariDataSource - HikariPool-1 - Starting...
2020-05-23 23:28:38.304[main][main] INFO  com.zaxxer.hikari.HikariDataSource - HikariPool-1 - Start completed.
2020-05-23 23:28:38.317[main][main] DEBUG c.e.v.m.E.selectByPrimaryKey - ==>  Preparing: select id, eid, trainDate, trainContent, remark from employeetrain where id = ? 
2020-05-23 23:28:38.364[main][main] DEBUG c.e.v.m.E.selectByPrimaryKey - ==> Parameters: 1(Integer)
2020-05-23 23:28:38.411[main][main] DEBUG c.e.v.m.E.selectByPrimaryKey - <==      Total: 1
2020-05-23 23:28:38.422[main][main] INFO  c.e.v.mapper.EmployeetrainMapperTest - com.example.vhr.model.Employeetrain@58189b85
2020-05-23 23:28:38.452[SpringContextShutdownHook][SpringContextShutdownHook] INFO  o.s.s.c.ThreadPoolTaskExecutor - Shutting down ExecutorService 'applicationTaskExecutor'
2020-05-23 23:28:38.459[SpringContextShutdownHook][SpringContextShutdownHook] INFO  com.zaxxer.hikari.HikariDataSource - HikariPool-1 - Shutdown initiated...
2020-05-23 23:28:38.471[SpringContextShutdownHook][SpringContextShutdownHook] INFO  com.zaxxer.hikari.HikariDataSource - HikariPool-1 - Shutdown completed.
2020-05-23 23:42:41.227[main][main] INFO  o.s.b.t.c.SpringBootTestContextBootstrapper - Neither @ContextConfiguration nor @ContextHierarchy found for test class [com.example.vhr.mapper.EmployeetrainMapperTest], using SpringBootContextLoader
2020-05-23 23:42:41.241[main][main] INFO  o.s.t.c.s.AbstractContextLoader - Could not detect default resource locations for test class [com.example.vhr.mapper.EmployeetrainMapperTest]: no resource found for suffixes {-context.xml, Context.groovy}.
2020-05-23 23:42:41.243[main][main] INFO  o.s.t.c.s.AnnotationConfigContextLoaderUtils - Could not detect default configuration classes for test class [com.example.vhr.mapper.EmployeetrainMapperTest]: EmployeetrainMapperTest does not declare any static, non-private, non-final, nested classes annotated with @Configuration.
2020-05-23 23:42:41.385[main][main] INFO  o.s.b.t.c.SpringBootTestContextBootstrapper - Found @SpringBootConfiguration com.example.vhr.VhrEndApplication for test class com.example.vhr.mapper.EmployeetrainMapperTest
2020-05-23 23:42:41.510[main][main] INFO  o.s.b.t.c.SpringBootTestContextBootstrapper - Loaded default TestExecutionListener class names from location [META-INF/spring.factories]: [org.springframework.boot.test.mock.mockito.MockitoTestExecutionListener, org.springframework.boot.test.mock.mockito.ResetMocksTestExecutionListener, org.springframework.boot.test.autoconfigure.restdocs.RestDocsTestExecutionListener, org.springframework.boot.test.autoconfigure.web.client.MockRestServiceServerResetTestExecutionListener, org.springframework.boot.test.autoconfigure.web.servlet.MockMvcPrintOnlyOnFailureTestExecutionListener, org.springframework.boot.test.autoconfigure.web.servlet.WebDriverTestExecutionListener, org.springframework.test.context.web.ServletTestExecutionListener, org.springframework.test.context.support.DirtiesContextBeforeModesTestExecutionListener, org.springframework.test.context.support.DependencyInjectionTestExecutionListener, org.springframework.test.context.support.DirtiesContextTestExecutionListener, org.springframework.test.context.transaction.TransactionalTestExecutionListener, org.springframework.test.context.jdbc.SqlScriptsTestExecutionListener, org.springframework.test.context.event.EventPublishingTestExecutionListener, org.springframework.security.test.context.support.WithSecurityContextTestExecutionListener, org.springframework.security.test.context.support.ReactorContextTestExecutionListener]
2020-05-23 23:42:41.532[main][main] INFO  o.s.b.t.c.SpringBootTestContextBootstrapper - Using TestExecutionListeners: [org.springframework.test.context.web.ServletTestExecutionListener@5d9b7a8a, org.springframework.test.context.support.DirtiesContextBeforeModesTestExecutionListener@1e8ce150, org.springframework.boot.test.mock.mockito.MockitoTestExecutionListener@604f2bd2, org.springframework.boot.test.autoconfigure.SpringBootDependencyInjectionTestExecutionListener@1d3ac898, org.springframework.test.context.support.DirtiesContextTestExecutionListener@1b73be9f, org.springframework.test.context.transaction.TransactionalTestExecutionListener@628c4ac0, org.springframework.test.context.jdbc.SqlScriptsTestExecutionListener@7b84fcf8, org.springframework.test.context.event.EventPublishingTestExecutionListener@30b19518, org.springframework.security.test.context.support.WithSecurityContextTestExecutionListener@363042d7, org.springframework.security.test.context.support.ReactorContextTestExecutionListener@366ac49b, org.springframework.boot.test.mock.mockito.ResetMocksTestExecutionListener@6ad59d92, org.springframework.boot.test.autoconfigure.restdocs.RestDocsTestExecutionListener@56f0cc85, org.springframework.boot.test.autoconfigure.web.client.MockRestServiceServerResetTestExecutionListener@62e20a76, org.springframework.boot.test.autoconfigure.web.servlet.MockMvcPrintOnlyOnFailureTestExecutionListener@2cc44ad, org.springframework.boot.test.autoconfigure.web.servlet.WebDriverTestExecutionListener@44b3606b]
2020-05-23 23:42:41.953[main][main] INFO  c.e.v.mapper.EmployeetrainMapperTest - Starting EmployeetrainMapperTest on LAPTOP-K0SG6Q7R with PID 9044 (started by 18262 in D:\MySelf\Study\MainMajor\SpringBoot\vhr-end)
2020-05-23 23:42:41.954[main][main] DEBUG c.e.v.mapper.EmployeetrainMapperTest - Running with Spring Boot v2.2.6.RELEASE, Spring v5.2.5.RELEASE
2020-05-23 23:42:41.955[main][main] INFO  c.e.v.mapper.EmployeetrainMapperTest - No active profile set, falling back to default profiles: default
2020-05-23 23:42:43.115[main][main] DEBUG org.apache.ibatis.logging.LogFactory - Logging initialized using 'class org.apache.ibatis.logging.slf4j.Slf4jImpl' adapter.
2020-05-23 23:42:44.537[main][main] INFO  s.d.s.w.PropertySourcedRequestMappingHandlerMapping - Mapped URL path [/v2/api-docs] onto method [springfox.documentation.swagger2.web.Swagger2Controller#getDocumentation(String, HttpServletRequest)]
2020-05-23 23:42:44.893[main][main] INFO  o.s.s.c.ThreadPoolTaskExecutor - Initializing ExecutorService 'applicationTaskExecutor'
2020-05-23 23:42:45.273[main][main] INFO  o.s.s.web.DefaultSecurityFilterChain - Creating filter chain: Ant [pattern='/swagger-ui.html'], []
2020-05-23 23:42:45.274[main][main] INFO  o.s.s.web.DefaultSecurityFilterChain - Creating filter chain: Ant [pattern='/v2/*'], []
2020-05-23 23:42:45.274[main][main] INFO  o.s.s.web.DefaultSecurityFilterChain - Creating filter chain: Ant [pattern='/swagger-resources/**'], []
2020-05-23 23:42:45.274[main][main] INFO  o.s.s.web.DefaultSecurityFilterChain - Creating filter chain: Ant [pattern='/webjars'], []
2020-05-23 23:42:45.274[main][main] INFO  o.s.s.web.DefaultSecurityFilterChain - Creating filter chain: Ant [pattern='/verifyCode'], []
2020-05-23 23:42:45.274[main][main] INFO  o.s.s.web.DefaultSecurityFilterChain - Creating filter chain: Ant [pattern='/login'], []
2020-05-23 23:42:45.611[main][main] INFO  o.s.s.web.DefaultSecurityFilterChain - Creating filter chain: any request, [org.springframework.security.web.context.request.async.WebAsyncManagerIntegrationFilter@53525379, org.springframework.security.web.context.SecurityContextPersistenceFilter@57b63253, org.springframework.security.web.header.HeaderWriterFilter@6febec41, org.springframework.security.web.authentication.logout.LogoutFilter@73d91faf, com.example.vhr.config.LoginFilter@1be3f8f8, org.springframework.security.web.savedrequest.RequestCacheAwareFilter@2493eec6, org.springframework.security.web.servletapi.SecurityContextHolderAwareRequestFilter@60194904, org.springframework.security.web.authentication.AnonymousAuthenticationFilter@78b9155e, org.springframework.security.web.session.SessionManagementFilter@79b8ecb, org.springframework.security.web.access.ExceptionTranslationFilter@62b786dc, org.springframework.security.web.access.intercept.FilterSecurityInterceptor@3514ac7d]
2020-05-23 23:42:45.916[main][main] INFO  s.d.s.w.p.DocumentationPluginsBootstrapper - Context refreshed
2020-05-23 23:42:45.939[main][main] INFO  s.d.s.w.p.DocumentationPluginsBootstrapper - Found 1 custom documentation plugin(s)
2020-05-23 23:42:45.978[main][main] INFO  s.d.s.w.s.ApiListingReferenceScanner - Scanning for api listing references
2020-05-23 23:42:46.110[main][main] WARN  s.d.s.w.r.p.ParameterDataTypeReader - Trying to infer dataType java.lang.Integer[]
2020-05-23 23:42:46.123[main][main] INFO  s.d.s.w.r.o.CachingOperationNameGenerator - Generating unique operation named: deleteJobLevelUsingDELETE_1
2020-05-23 23:42:46.160[main][main] WARN  s.d.s.w.r.p.ParameterDataTypeReader - Trying to infer dataType java.lang.Integer[]
2020-05-23 23:42:46.171[main][main] WARN  s.d.s.w.r.p.ParameterDataTypeReader - Trying to infer dataType java.lang.Integer[]
2020-05-23 23:42:46.176[main][main] INFO  s.d.s.w.r.o.CachingOperationNameGenerator - Generating unique operation named: deletePositionUsingDELETE_1
2020-05-23 23:42:46.233[main][main] INFO  c.e.v.mapper.EmployeetrainMapperTest - Started EmployeetrainMapperTest in 4.647 seconds (JVM running for 6.012)
2020-05-23 23:42:58.089[main][main] INFO  com.example.vhr.VhrEndApplication - Starting VhrEndApplication on LAPTOP-K0SG6Q7R with PID 28640 (D:\MySelf\Study\MainMajor\SpringBoot\vhr-end\target\classes started by 18262 in D:\MySelf\Study\MainMajor\SpringBoot\vhr-end)
2020-05-23 23:42:58.092[main][main] INFO  com.example.vhr.VhrEndApplication - No active profile set, falling back to default profiles: default
2020-05-23 23:42:58.919[main][main] DEBUG org.apache.ibatis.logging.LogFactory - Logging initialized using 'class org.apache.ibatis.logging.slf4j.Slf4jImpl' adapter.
2020-05-23 23:42:59.194[main][main] INFO  o.s.b.w.e.tomcat.TomcatWebServer - Tomcat initialized with port(s): 8080 (http)
2020-05-23 23:42:59.201[main][main] INFO  o.a.coyote.http11.Http11NioProtocol - Initializing ProtocolHandler ["http-nio-8080"]
2020-05-23 23:42:59.202[main][main] INFO  o.a.catalina.core.StandardService - Starting service [Tomcat]
2020-05-23 23:42:59.202[main][main] INFO  o.a.catalina.core.StandardEngine - Starting Servlet engine: [Apache Tomcat/9.0.33]
2020-05-23 23:42:59.203[main][main] INFO  o.a.c.core.AprLifecycleListener - Loaded APR based Apache Tomcat Native library [1.2.23] using APR version [1.7.0].
2020-05-23 23:42:59.203[main][main] INFO  o.a.c.core.AprLifecycleListener - APR capabilities: IPv6 [true], sendfile [true], accept filters [false], random [true].
2020-05-23 23:42:59.203[main][main] INFO  o.a.c.core.AprLifecycleListener - APR/OpenSSL configuration: useAprConnector [false], useOpenSSL [true]
2020-05-23 23:42:59.206[main][main] INFO  o.a.c.core.AprLifecycleListener - OpenSSL successfully initialized [OpenSSL 1.1.1c  28 May 2019]
2020-05-23 23:42:59.269[main][main] INFO  o.a.c.c.C.[Tomcat].[localhost].[/] - Initializing Spring embedded WebApplicationContext
2020-05-23 23:42:59.269[main][main] INFO  o.s.web.context.ContextLoader - Root WebApplicationContext: initialization completed in 1132 ms
2020-05-23 23:43:00.165[main][main] INFO  s.d.s.w.PropertySourcedRequestMappingHandlerMapping - Mapped URL path [/v2/api-docs] onto method [springfox.documentation.swagger2.web.Swagger2Controller#getDocumentation(String, HttpServletRequest)]
2020-05-23 23:43:00.240[main][main] INFO  o.s.s.c.ThreadPoolTaskExecutor - Initializing ExecutorService 'applicationTaskExecutor'
2020-05-23 23:43:00.446[main][main] INFO  o.s.s.web.DefaultSecurityFilterChain - Creating filter chain: Ant [pattern='/swagger-ui.html'], []
2020-05-23 23:43:00.447[main][main] INFO  o.s.s.web.DefaultSecurityFilterChain - Creating filter chain: Ant [pattern='/v2/*'], []
2020-05-23 23:43:00.447[main][main] INFO  o.s.s.web.DefaultSecurityFilterChain - Creating filter chain: Ant [pattern='/swagger-resources/**'], []
2020-05-23 23:43:00.447[main][main] INFO  o.s.s.web.DefaultSecurityFilterChain - Creating filter chain: Ant [pattern='/webjars'], []
2020-05-23 23:43:00.447[main][main] INFO  o.s.s.web.DefaultSecurityFilterChain - Creating filter chain: Ant [pattern='/verifyCode'], []
2020-05-23 23:43:00.447[main][main] INFO  o.s.s.web.DefaultSecurityFilterChain - Creating filter chain: Ant [pattern='/login'], []
2020-05-23 23:43:00.463[main][main] INFO  o.s.s.web.DefaultSecurityFilterChain - Creating filter chain: any request, [org.springframework.security.web.context.request.async.WebAsyncManagerIntegrationFilter@74cd798f, org.springframework.security.web.context.SecurityContextPersistenceFilter@47c96f2c, org.springframework.security.web.header.HeaderWriterFilter@67fac095, org.springframework.security.web.authentication.logout.LogoutFilter@194b9783, com.example.vhr.config.LoginFilter@7aded903, org.springframework.security.web.savedrequest.RequestCacheAwareFilter@2dc21583, org.springframework.security.web.servletapi.SecurityContextHolderAwareRequestFilter@75dd0f94, org.springframework.security.web.authentication.AnonymousAuthenticationFilter@314f59b, org.springframework.security.web.session.SessionManagementFilter@5dae5a70, org.springframework.security.web.access.ExceptionTranslationFilter@642c72cf, org.springframework.security.web.access.intercept.FilterSecurityInterceptor@76b5a559]
2020-05-23 23:43:00.497[main][main] INFO  s.d.s.w.p.DocumentationPluginsBootstrapper - Context refreshed
2020-05-23 23:43:00.508[main][main] INFO  s.d.s.w.p.DocumentationPluginsBootstrapper - Found 1 custom documentation plugin(s)
2020-05-23 23:43:00.541[main][main] INFO  s.d.s.w.s.ApiListingReferenceScanner - Scanning for api listing references
2020-05-23 23:43:00.622[main][main] WARN  s.d.s.w.r.p.ParameterDataTypeReader - Trying to infer dataType java.lang.Integer[]
2020-05-23 23:43:00.628[main][main] INFO  s.d.s.w.r.o.CachingOperationNameGenerator - Generating unique operation named: deleteJobLevelUsingDELETE_1
2020-05-23 23:43:00.649[main][main] WARN  s.d.s.w.r.p.ParameterDataTypeReader - Trying to infer dataType java.lang.Integer[]
2020-05-23 23:43:00.656[main][main] WARN  s.d.s.w.r.p.ParameterDataTypeReader - Trying to infer dataType java.lang.Integer[]
2020-05-23 23:43:00.659[main][main] INFO  s.d.s.w.r.o.CachingOperationNameGenerator - Generating unique operation named: deletePositionUsingDELETE_1
2020-05-23 23:43:00.693[main][main] INFO  o.a.coyote.http11.Http11NioProtocol - Starting ProtocolHandler ["http-nio-8080"]
2020-05-23 23:43:00.711[main][main] INFO  o.s.b.w.e.tomcat.TomcatWebServer - Tomcat started on port(s): 8080 (http) with context path ''
2020-05-23 23:43:00.713[main][main] INFO  com.example.vhr.VhrEndApplication - Started VhrEndApplication in 2.896 seconds (JVM running for 3.727)
2020-05-23 23:43:18.292[http-nio-8080-exec-1][http-nio-8080-exec-1] INFO  o.a.c.c.C.[Tomcat].[localhost].[/] - Initializing Spring DispatcherServlet 'dispatcherServlet'
2020-05-23 23:43:18.293[http-nio-8080-exec-1][http-nio-8080-exec-1] INFO  o.s.web.servlet.DispatcherServlet - Initializing Servlet 'dispatcherServlet'
2020-05-23 23:43:18.298[http-nio-8080-exec-1][http-nio-8080-exec-1] INFO  o.s.web.servlet.DispatcherServlet - Completed initialization in 5 ms
